<?xml version="1.0" encoding="UTF-8"?>
<!-- Generated by org.testng.reporters.JUnitReportReporter -->
<testsuite hostname="WINDOWS-RR4HN53" failures="0" tests="1" name="com.amazon.testscript.AmazonScript" time="4.043" errors="0" timestamp="2023-08-31T18:39:07 PDT" skipped="0">
  <testcase classname="com.amazon.testscript.AmazonScript" name="MouseHoveringOnSignInPage" time="4.043"/>
</testsuite> <!-- com.amazon.testscript.AmazonScript -->
